2020-11-29 20:00:27,465 - 注册测试 - INFO - input data:name:ceshi001,pwd:qwer,suc:2,assert:账号密码输入错误
2020-11-29 20:00:28,951 - 注册测试 - ERROR - 用例执行失败，原因：list index out of range
2020-11-29 20:00:40,840 - 注册测试 - INFO - input data:name:yijian123,pwd:1256kk,suc:2,assert:账号不存在
2020-11-29 20:00:42,294 - 注册测试 - ERROR - 用例执行失败，原因：list index out of range
2020-11-29 20:04:57,384 - 注册测试 - INFO - input data:name:ceshi001,pwd:qwer,suc:2,assert:账号密码输入错误
2020-11-29 20:04:59,105 - 注册测试 - ERROR - 用例执行失败，原因：list index out of range
2020-11-29 20:05:11,126 - 注册测试 - INFO - input data:name:yijian123,pwd:1256kk,suc:2,assert:账号不存在
2020-11-29 20:05:12,241 - 注册测试 - ERROR - 用例执行失败，原因：list index out of range
2020-11-29 20:12:52,220 - 注册测试 - INFO - input data:name:ceshi001,pwd:qwer,suc:2,assert:账号密码输入错误
2020-11-29 20:12:53,970 - 注册测试 - ERROR - 用例执行失败，原因：invalid literal for int() with base 10: '点选此处产生'
2020-11-29 20:13:05,945 - 注册测试 - INFO - input data:name:yijian123,pwd:1256kk,suc:2,assert:账号不存在
2020-11-29 20:13:07,867 - 注册测试 - ERROR - 用例执行失败，原因：invalid literal for int() with base 10: '点选此处产生'
2020-11-29 20:15:01,256 - 注册测试 - INFO - input data:name:ceshi001,pwd:qwer,suc:2,assert:账号密码输入错误
2020-11-29 20:15:03,272 - 注册测试 - ERROR - 用例执行失败，原因：invalid literal for int() with base 10: '点选此处产生'
2020-11-29 20:15:14,989 - 注册测试 - INFO - input data:name:yijian123,pwd:1256kk,suc:2,assert:账号不存在
2020-11-29 20:15:16,577 - 注册测试 - ERROR - 用例执行失败，原因：invalid literal for int() with base 10: '点选此处产生'
2020-11-29 20:18:08,803 - 注册测试 - INFO - input data:name:ceshi001,pwd:qwer,suc:2,assert:账号密码输入错误
2020-11-29 20:18:26,546 - 注册测试 - INFO - input data:name:yijian123,pwd:1256kk,suc:2,assert:账号不存在
2020-11-29 20:21:06,651 - 注册测试 - INFO - input data:name:ceshi001,pwd:qwer,suc:2,assert:账号密码输入错误
2020-11-29 20:21:09,462 - 注册测试 - ERROR - 用例执行失败，原因：object of type 'int' has no len()
2020-11-29 20:21:22,874 - 注册测试 - INFO - input data:name:yijian123,pwd:1256kk,suc:2,assert:账号不存在
2020-11-29 20:21:25,543 - 注册测试 - ERROR - 用例执行失败，原因：object of type 'int' has no len()
2020-11-29 20:23:56,999 - 注册测试 - INFO - input data:name:ceshi001,pwd:qwer,suc:2,assert:账号密码输入错误
2020-11-29 20:24:00,159 - 注册测试 - ERROR - 用例执行失败，原因：object of type 'int' has no len()
2020-11-29 20:24:11,992 - 注册测试 - INFO - input data:name:yijian123,pwd:1256kk,suc:2,assert:账号不存在
2020-11-29 20:24:15,447 - 注册测试 - ERROR - 用例执行失败，原因：object of type 'int' has no len()
2020-11-29 20:24:48,181 - 注册测试 - INFO - input data:name:ceshi001,pwd:qwer,suc:2,assert:账号密码输入错误
2020-11-29 20:25:06,089 - 注册测试 - INFO - input data:name:yijian123,pwd:1256kk,suc:2,assert:账号不存在
2020-11-29 20:30:34,000 - 注册测试 - INFO - input data:name:ceshi001,pwd:qwer,suc:2,assert:账号密码输入错误
2020-11-29 20:30:49,642 - 注册测试 - INFO - input data:name:yijian123,pwd:1256kk,suc:2,assert:账号不存在
2020-11-29 20:31:31,215 - 注册测试 - INFO - input data:name:ceshi001,pwd:qwer,suc:2,assert:账号密码输入错误
2020-11-29 20:31:46,947 - 注册测试 - INFO - input data:name:yijian123,pwd:1256kk,suc:2,assert:账号不存在
2020-11-29 20:49:58,308 - 注册测试 - INFO - input data:name:ceshi001,pwd:qwer,suc:2,assert:账号密码输入错误
2020-11-29 20:50:14,134 - 注册测试 - INFO - input data:name:yijian123,pwd:1256kk,suc:2,assert:账号不存在
2020-11-29 20:53:17,723 - 注册测试 - INFO - input data:name:ceshi001,pwd:qwer,suc:2,assert:账号密码输入错误
2020-11-29 20:53:33,339 - 注册测试 - INFO - input data:name:yijian123,pwd:1256kk,suc:2,assert:账号不存在
2020-11-29 20:53:58,981 - 注册测试 - INFO - input data:name:ceshi001,pwd:qwer,suc:2,assert:账号密码输入错误
2020-11-29 20:54:11,777 - 注册测试 - ERROR - 用例执行失败，原因：Message: no such element: Unable to locate element: {"method":"xpath","selector":"//body//div[@class='v-snack__wrapper error']"}
  (Session info: chrome=87.0.4280.66)

2020-11-29 20:54:23,693 - 注册测试 - INFO - input data:name:yijian123,pwd:1256kk,suc:2,assert:账号不存在
2020-11-29 20:54:36,664 - 注册测试 - ERROR - 用例执行失败，原因：Message: no such element: Unable to locate element: {"method":"xpath","selector":"//body//div[@class='v-snack__wrapper error']"}
  (Session info: chrome=87.0.4280.66)

2020-11-29 20:58:09,375 - 注册测试 - INFO - input data:name:ceshi001,pwd:qwer,suc:2,assert:账号密码输入错误
2020-11-29 20:58:25,935 - 注册测试 - INFO - input data:name:yijian123,pwd:1256kk,suc:2,assert:账号不存在
2020-11-29 20:58:39,423 - 注册测试 - ERROR - 用例执行失败，原因：Message: no such element: Unable to locate element: {"method":"xpath","selector":"//body//div[@class='v-snack__wrapper error']"}
  (Session info: chrome=87.0.4280.66)

